<?xml version="1.0" encoding="utf-8" standalone="no"?>
<!--This file represents the results of running a test suite-->
<test-results name="C:\VSProjects10\GitHub\ncommon\build\Net40\NCommon.Mvc.Tests.dll" total="8" errors="0" failures="0" not-run="0" inconclusive="0" ignored="0" skipped="0" invalid="0" date="2012-08-07" time="09:06:25">
  <environment nunit-version="2.6.1.12217" clr-version="2.0.50727.5456" os-version="Microsoft Windows NT 6.1.7601 Service Pack 1" platform="Win32NT" cwd="C:\VSProjects10\GitHub\ncommon" machine-name="PC01" user="toby" user-domain="GMSUK" />
  <culture-info current-culture="en-GB" current-uiculture="en-US" />
  <test-suite type="Assembly" name="C:\VSProjects10\GitHub\ncommon\build\Net40\NCommon.Mvc.Tests.dll" executed="True" result="Success" success="True" time="0.645" asserts="0">
    <results>
      <test-suite type="Namespace" name="NCommon" executed="True" result="Success" success="True" time="0.632" asserts="0">
        <results>
          <test-suite type="Namespace" name="Tests" executed="True" result="Success" success="True" time="0.632" asserts="0">
            <results>
              <test-suite type="Namespace" name="Data" executed="True" result="Success" success="True" time="0.631" asserts="0">
                <results>
                  <test-suite type="TestFixture" name="UnitOfWorkScopeAttributeTests" executed="True" result="Success" success="True" time="0.630" asserts="0">
                    <results>
                      <test-case name="NCommon.Tests.Data.UnitOfWorkScopeAttributeTests.OnActionExecuted_commits_transaction_if_filter_scope_is_action" executed="True" result="Success" success="True" time="0.197" asserts="0" />
                      <test-case name="NCommon.Tests.Data.UnitOfWorkScopeAttributeTests.OnActionExecuted_does_nothing_if_filter_scope_is_result" executed="True" result="Success" success="True" time="0.004" asserts="0" />
                      <test-case name="NCommon.Tests.Data.UnitOfWorkScopeAttributeTests.OnActionExecuted_rollsback_transaction_if_exception_occured" executed="True" result="Success" success="True" time="0.002" asserts="0" />
                      <test-case name="NCommon.Tests.Data.UnitOfWorkScopeAttributeTests.OnActionExecuting_starts_a_new_scope" executed="True" result="Success" success="True" time="0.030" asserts="1" />
                      <test-case name="NCommon.Tests.Data.UnitOfWorkScopeAttributeTests.OnResultExecuted_comitts_transaction" executed="True" result="Success" success="True" time="0.023" asserts="0" />
                      <test-case name="NCommon.Tests.Data.UnitOfWorkScopeAttributeTests.OnResultExecuted_does_nothing_if_filter_scope_is_action" executed="True" result="Success" success="True" time="0.002" asserts="0" />
                      <test-case name="NCommon.Tests.Data.UnitOfWorkScopeAttributeTests.OnResultExecuted_rollsback_if_filter_scope_is_result_and_exception_occured" executed="True" result="Success" success="True" time="0.002" asserts="0" />
                      <test-case name="NCommon.Tests.Data.UnitOfWorkScopeAttributeTests.Start_configures_and_adds_new_scope_to_current_http_context" executed="True" result="Success" success="True" time="0.019" asserts="1" />
                    </results>
                  </test-suite>
                </results>
              </test-suite>
            </results>
          </test-suite>
        </results>
      </test-suite>
    </results>
  </test-suite>
</test-results>